<?xml version="1.0" encoding="UTF-8"?>
<!-- Generated by org.testng.reporters.JUnitReportReporter -->
<testsuite hostname="DESKTOP-44VVFN8" failures="0" tests="1" name="com.boombolt.testCases.TC_Register" time="2.536" errors="0" timestamp="2025-03-23T08:53:02 IST" skipped="0">
  <testcase classname="com.boombolt.testCases.TC_Register" name="account_Reg" time="2.536"/>
</testsuite> <!-- com.boombolt.testCases.TC_Register -->
